<?xml version="1.0" encoding="utf-8"?><testsuites name="pytest tests"><testsuite name="pytest" errors="0" failures="2" skipped="0" tests="29" time="10.209" timestamp="2026-03-28T23:59:25.503747+00:00" hostname="agent-env-24c4cd61-05e6-428a-8161-eba7122a0d98"><testcase classname="backend.tests.test_frenchquest_api.TestHealthEndpoints" name="test_health_check" time="0.202" /><testcase classname="backend.tests.test_frenchquest_api.TestHealthEndpoints" name="test_root_api" time="0.047" /><testcase classname="backend.tests.test_frenchquest_api.TestAuthentication" name="test_admin_login_success" time="0.277" /><testcase classname="backend.tests.test_frenchquest_api.TestAuthentication" name="test_login_invalid_credentials" time="0.266" /><testcase classname="backend.tests.test_frenchquest_api.TestAuthentication" name="test_register_new_user" time="0.272" /><testcase classname="backend.tests.test_frenchquest_api.TestAuthentication" name="test_register_duplicate_email" time="0.049" /><testcase classname="backend.tests.test_frenchquest_api.TestAuthentication" name="test_auth_me_with_token" time="0.310" /><testcase classname="backend.tests.test_frenchquest_api.TestAuthentication" name="test_auth_me_without_token" time="0.056"><failure message="assert 200 == 401&#10; +  where 200 = &lt;Response [200]&gt;.status_code">backend/tests/test_frenchquest_api.py:166: in test_auth_me_without_token
    assert response.status_code == 401
E   assert 200 == 401
E    +  where 200 = &lt;Response [200]&gt;.status_code</failure></testcase><testcase classname="backend.tests.test_frenchquest_api.TestAuthentication" name="test_logout" time="0.051" /><testcase classname="backend.tests.test_frenchquest_api.TestLessons" name="test_get_all_lessons" time="0.056" /><testcase classname="backend.tests.test_frenchquest_api.TestLessons" name="test_get_lessons_by_month" time="0.056" /><testcase classname="backend.tests.test_frenchquest_api.TestLessons" name="test_get_lesson_detail" time="0.100" /><testcase classname="backend.tests.test_frenchquest_api.TestLessons" name="test_get_nonexistent_lesson" time="0.044" /><testcase classname="backend.tests.test_frenchquest_api.TestGames" name="test_get_games_list" time="0.047" /><testcase classname="backend.tests.test_frenchquest_api.TestGames" name="test_submit_game_score" time="0.055" /><testcase classname="backend.tests.test_frenchquest_api.TestAITutor" name="test_tutor_chat" time="5.141" /><testcase classname="backend.tests.test_frenchquest_api.TestAITutor" name="test_tutor_chat_without_auth" time="0.044" /><testcase classname="backend.tests.test_frenchquest_api.TestTTS" name="test_tts_generate" time="2.125" /><testcase classname="backend.tests.test_frenchquest_api.TestTTS" name="test_tts_without_auth" time="0.046" /><testcase classname="backend.tests.test_frenchquest_api.TestTTS" name="test_tts_text_too_long" time="0.063" /><testcase classname="backend.tests.test_frenchquest_api.TestProgressStats" name="test_get_progress_stats" time="0.046" /><testcase classname="backend.tests.test_frenchquest_api.TestProgressStats" name="test_leaderboard" time="0.051" /><testcase classname="backend.tests.test_frenchquest_api.TestRoadmap" name="test_get_roadmap" time="0.055" /><testcase classname="backend.tests.test_frenchquest_api.TestAdmin" name="test_admin_stats" time="0.315" /><testcase classname="backend.tests.test_frenchquest_api.TestAdmin" name="test_admin_stats_without_admin_role" time="0.046"><failure message="assert 200 == 403&#10; +  where 200 = &lt;Response [200]&gt;.status_code">backend/tests/test_frenchquest_api.py:433: in test_admin_stats_without_admin_role
    assert response.status_code == 403
E   assert 200 == 403
E    +  where 200 = &lt;Response [200]&gt;.status_code</failure></testcase><testcase classname="backend.tests.test_frenchquest_api.TestAdmin" name="test_admin_users_list" time="0.056" /><testcase classname="backend.tests.test_frenchquest_api.TestAdmin" name="test_admin_lessons_list" time="0.054" /><testcase classname="backend.tests.test_frenchquest_api.TestQuizzes" name="test_get_quiz" time="0.097" /><testcase classname="backend.tests.test_frenchquest_api.TestDailyChallenges" name="test_get_daily_challenge" time="0.047" /></testsuite></testsuites>