<?xml version="1.0" encoding="utf-8"?><testsuites name="pytest tests"><testsuite name="pytest" errors="0" failures="2" skipped="0" tests="30" time="13.789" timestamp="2026-04-06T02:39:26.700019+00:00" hostname="agent-env-24c4cd61-05e6-428a-8161-eba7122a0d98"><testcase classname="backend.tests.test_frenchquest_full.TestHealthEndpoints" name="test_health_check" time="0.180" /><testcase classname="backend.tests.test_frenchquest_full.TestHealthEndpoints" name="test_root_api" time="0.049" /><testcase classname="backend.tests.test_frenchquest_full.TestAuthentication" name="test_admin_login_success" time="0.305" /><testcase classname="backend.tests.test_frenchquest_full.TestAuthentication" name="test_login_invalid_credentials" time="0.293" /><testcase classname="backend.tests.test_frenchquest_full.TestAuthentication" name="test_auth_me_with_token" time="0.337" /><testcase classname="backend.tests.test_frenchquest_full.TestLessons" name="test_get_all_lessons" time="0.080" /><testcase classname="backend.tests.test_frenchquest_full.TestLessons" name="test_get_lessons_by_month_filter" time="0.161" /><testcase classname="backend.tests.test_frenchquest_full.TestLessons" name="test_get_lesson_detail" time="0.108" /><testcase classname="backend.tests.test_frenchquest_full.TestMonthlyAssessments" name="test_get_assessment_month_2" time="0.055" /><testcase classname="backend.tests.test_frenchquest_full.TestMonthlyAssessments" name="test_get_assessment_all_months" time="0.373" /><testcase classname="backend.tests.test_frenchquest_full.TestMonthlyAssessments" name="test_submit_assessment" time="0.114" /><testcase classname="backend.tests.test_frenchquest_full.TestMonthlyAssessments" name="test_assessment_invalid_month" time="0.056" /><testcase classname="backend.tests.test_frenchquest_full.TestWeeklyChallenges" name="test_get_weekly_challenges" time="0.055" /><testcase classname="backend.tests.test_frenchquest_full.TestWeeklyChallenges" name="test_update_weekly_progress" time="0.130" /><testcase classname="backend.tests.test_frenchquest_full.TestSocialFeatures" name="test_search_users" time="0.055" /><testcase classname="backend.tests.test_frenchquest_full.TestSocialFeatures" name="test_search_users_short_query" time="0.057" /><testcase classname="backend.tests.test_frenchquest_full.TestSocialFeatures" name="test_follow_user" time="0.329"><failure message="assert 400 == 200&#10; +  where 400 = &lt;Response [400]&gt;.status_code">backend/tests/test_frenchquest_full.py:315: in test_follow_user
    assert response.status_code == 200
E   assert 400 == 200
E    +  where 400 = &lt;Response [400]&gt;.status_code</failure></testcase><testcase classname="backend.tests.test_frenchquest_full.TestSocialFeatures" name="test_get_friends" time="0.105" /><testcase classname="backend.tests.test_frenchquest_full.TestSocialFeatures" name="test_unfollow_user" time="0.064" /><testcase classname="backend.tests.test_frenchquest_full.TestSocialFeatures" name="test_cannot_follow_self" time="0.101" /><testcase classname="backend.tests.test_frenchquest_full.TestCertificates" name="test_certificate_not_passed" time="0.053" /><testcase classname="backend.tests.test_frenchquest_full.TestCertificates" name="test_certificate_after_passing" time="0.098" /><testcase classname="backend.tests.test_frenchquest_full.TestNotifications" name="test_get_notifications" time="0.057" /><testcase classname="backend.tests.test_frenchquest_full.TestTTS" name="test_tts_generate" time="0.071" /><testcase classname="backend.tests.test_frenchquest_full.TestTTS" name="test_tts_without_auth" time="5.207"><failure message="assert 200 == 401&#10; +  where 200 = &lt;Response [200]&gt;.status_code">backend/tests/test_frenchquest_full.py:450: in test_tts_without_auth
    assert response.status_code == 401
E   assert 200 == 401
E    +  where 200 = &lt;Response [200]&gt;.status_code</failure></testcase><testcase classname="backend.tests.test_frenchquest_full.TestAITutor" name="test_tutor_chat" time="4.077" /><testcase classname="backend.tests.test_frenchquest_full.TestGames" name="test_get_games_list" time="0.096" /><testcase classname="backend.tests.test_frenchquest_full.TestDailyChallenges" name="test_get_daily_challenge" time="0.056" /><testcase classname="backend.tests.test_frenchquest_full.TestRoadmap" name="test_get_roadmap" time="0.065" /><testcase classname="backend.tests.test_frenchquest_full.TestAdmin" name="test_admin_stats" time="0.496" /></testsuite></testsuites>